2019/08/05-13:48 [main] INFO  com.sansan.tool.api.ApiApplication- Starting ApiApplication on DESKTOP-EJ4M200 with PID 6464 (D:\ProjectWorkPlace\api-manager\target\classes started by neusoft in D:\ProjectWorkPlace\api-manager)
2019/08/05-13:48 [main] DEBUG com.sansan.tool.api.ApiApplication- Running with Spring Boot v2.1.6.RELEASE, Spring v5.1.8.RELEASE
2019/08/05-13:48 [main] INFO  com.sansan.tool.api.ApiApplication- No active profile set, falling back to default profiles: default
2019/08/05-13:49 [main] INFO  com.sansan.tool.api.ApiApplication- Started ApiApplication in 20.647 seconds (JVM running for 44.447)
2019/08/05-13:49 [http-nio-8080-exec-1] WARN  com.zaxxer.hikari.util.DriverDataSource- Registered driver with driverClassName=com.mysql.jdbc.Driver was not found, trying direct instantiation.
2019/08/05-13:49 [http-nio-8080-exec-1] DEBUG com.sansan.tool.api.user.mapper.ApiUserMapper.countByExample- ==>  Preparing: select count(*) from api_user WHERE ( delete_status = ? ) 
2019/08/05-13:49 [http-nio-8080-exec-1] DEBUG com.sansan.tool.api.user.mapper.ApiUserMapper.countByExample- ==> Parameters: 0(Integer)
2019/08/05-13:49 [http-nio-8080-exec-1] DEBUG com.sansan.tool.api.user.mapper.ApiUserMapper.countByExample- <==      Total: 1
2019/08/05-13:49 [http-nio-8080-exec-1] DEBUG com.sansan.tool.api.user.service.impl.UserInfoServiceImpl- 查询用户数据总记录数：2
2019/08/05-13:49 [http-nio-8080-exec-1] DEBUG com.sansan.tool.api.user.mapper.ApiUserMapper.selectByExample- ==>  Preparing: select id, user_name, pass_word, add_time, last_update_time, delete_status from api_user WHERE ( delete_status = ? ) order by add_time desc 
2019/08/05-13:49 [http-nio-8080-exec-1] DEBUG com.sansan.tool.api.user.mapper.ApiUserMapper.selectByExample- ==> Parameters: 0(Integer)
2019/08/05-13:49 [http-nio-8080-exec-1] DEBUG com.sansan.tool.api.user.mapper.ApiUserMapper.selectByExample- <==      Total: 2
2019/08/05-13:49 [http-nio-8080-exec-2] DEBUG com.sansan.tool.api.user.mapper.ApiUserMapper.countByExample- ==>  Preparing: select count(*) from api_user WHERE ( delete_status = ? ) 
2019/08/05-13:49 [http-nio-8080-exec-2] DEBUG com.sansan.tool.api.user.mapper.ApiUserMapper.countByExample- ==> Parameters: 0(Integer)
2019/08/05-13:49 [http-nio-8080-exec-2] DEBUG com.sansan.tool.api.user.mapper.ApiUserMapper.countByExample- <==      Total: 1
2019/08/05-13:49 [http-nio-8080-exec-2] DEBUG com.sansan.tool.api.user.service.impl.UserInfoServiceImpl- 查询用户数据总记录数：2
2019/08/05-13:49 [http-nio-8080-exec-2] DEBUG com.sansan.tool.api.user.mapper.ApiUserMapper.selectByExample- ==>  Preparing: select id, user_name, pass_word, add_time, last_update_time, delete_status from api_user WHERE ( delete_status = ? ) order by add_time desc 
2019/08/05-13:49 [http-nio-8080-exec-2] DEBUG com.sansan.tool.api.user.mapper.ApiUserMapper.selectByExample- ==> Parameters: 0(Integer)
2019/08/05-13:49 [http-nio-8080-exec-2] DEBUG com.sansan.tool.api.user.mapper.ApiUserMapper.selectByExample- <==      Total: 2
2019/08/05-14:01 [main] INFO  com.sansan.tool.api.ApiApplication- Starting ApiApplication on DESKTOP-EJ4M200 with PID 17788 (D:\ProjectWorkPlace\api-manager\target\classes started by neusoft in D:\ProjectWorkPlace\api-manager)
2019/08/05-14:01 [main] DEBUG com.sansan.tool.api.ApiApplication- Running with Spring Boot v2.1.6.RELEASE, Spring v5.1.8.RELEASE
2019/08/05-14:01 [main] INFO  com.sansan.tool.api.ApiApplication- No active profile set, falling back to default profiles: default
2019/08/05-14:01 [main] INFO  com.sansan.tool.api.ApiApplication- Started ApiApplication in 11.105 seconds (JVM running for 17.576)
2019/08/05-14:01 [http-nio-8080-exec-2] WARN  com.zaxxer.hikari.util.DriverDataSource- Registered driver with driverClassName=com.mysql.jdbc.Driver was not found, trying direct instantiation.
2019/08/05-14:01 [http-nio-8080-exec-2] DEBUG com.sansan.tool.api.user.mapper.ApiUserMapper.countByExample- ==>  Preparing: select count(*) from api_user WHERE ( delete_status = ? ) 
2019/08/05-14:01 [http-nio-8080-exec-2] DEBUG com.sansan.tool.api.user.mapper.ApiUserMapper.countByExample- ==> Parameters: 0(Integer)
2019/08/05-14:01 [http-nio-8080-exec-2] DEBUG com.sansan.tool.api.user.mapper.ApiUserMapper.countByExample- <==      Total: 1
2019/08/05-14:01 [http-nio-8080-exec-2] DEBUG com.sansan.tool.api.user.service.impl.UserInfoServiceImpl- 查询用户数据总记录数：2
2019/08/05-14:01 [http-nio-8080-exec-2] DEBUG com.sansan.tool.api.user.mapper.ApiUserMapper.selectByExample- ==>  Preparing: select id, user_name, pass_word, add_time, last_update_time, delete_status from api_user WHERE ( delete_status = ? ) order by add_time desc 
2019/08/05-14:01 [http-nio-8080-exec-2] DEBUG com.sansan.tool.api.user.mapper.ApiUserMapper.selectByExample- ==> Parameters: 0(Integer)
2019/08/05-14:01 [http-nio-8080-exec-2] DEBUG com.sansan.tool.api.user.mapper.ApiUserMapper.selectByExample- <==      Total: 2
2019/08/05-14:01 [http-nio-8080-exec-4] WARN  org.springframework.web.servlet.PageNotFound- No mapping for GET /swagger-ui.html
2019/08/05-14:01 [http-nio-8080-exec-3] WARN  org.springframework.web.servlet.PageNotFound- No mapping for GET /swagger-ui.html
2019/08/05-14:01 [http-nio-8080-exec-7] WARN  org.springframework.web.servlet.PageNotFound- No mapping for GET /swagger-ui.html
2019/08/05-14:02 [main] INFO  com.sansan.tool.api.ApiApplication- Starting ApiApplication on DESKTOP-EJ4M200 with PID 1388 (D:\ProjectWorkPlace\api-manager\target\classes started by neusoft in D:\ProjectWorkPlace\api-manager)
2019/08/05-14:02 [main] DEBUG com.sansan.tool.api.ApiApplication- Running with Spring Boot v2.1.6.RELEASE, Spring v5.1.8.RELEASE
2019/08/05-14:02 [main] INFO  com.sansan.tool.api.ApiApplication- No active profile set, falling back to default profiles: default
2019/08/05-14:02 [main] INFO  com.sansan.tool.api.ApiApplication- Started ApiApplication in 9.192 seconds (JVM running for 13.999)
2019/08/05-14:04 [http-nio-8080-exec-8] WARN  com.zaxxer.hikari.util.DriverDataSource- Registered driver with driverClassName=com.mysql.jdbc.Driver was not found, trying direct instantiation.
2019/08/05-14:04 [http-nio-8080-exec-8] DEBUG com.sansan.tool.api.user.mapper.ApiUserMapper.countByExample- ==>  Preparing: select count(*) from api_user WHERE ( delete_status = ? ) 
2019/08/05-14:04 [http-nio-8080-exec-8] DEBUG com.sansan.tool.api.user.mapper.ApiUserMapper.countByExample- ==> Parameters: 0(Integer)
2019/08/05-14:04 [http-nio-8080-exec-8] DEBUG com.sansan.tool.api.user.mapper.ApiUserMapper.countByExample- <==      Total: 1
2019/08/05-14:04 [http-nio-8080-exec-8] DEBUG com.sansan.tool.api.user.service.impl.UserInfoServiceImpl- 查询用户数据总记录数：2
2019/08/05-14:04 [http-nio-8080-exec-8] DEBUG com.sansan.tool.api.user.mapper.ApiUserMapper.selectByExample- ==>  Preparing: select id, user_name, pass_word, add_time, last_update_time, delete_status from api_user WHERE ( delete_status = ? ) order by add_time desc 
2019/08/05-14:04 [http-nio-8080-exec-8] DEBUG com.sansan.tool.api.user.mapper.ApiUserMapper.selectByExample- ==> Parameters: 0(Integer)
2019/08/05-14:04 [http-nio-8080-exec-8] DEBUG com.sansan.tool.api.user.mapper.ApiUserMapper.selectByExample- <==      Total: 2
2019/08/05-14:05 [main] INFO  com.sansan.tool.api.ApiApplication- Starting ApiApplication on DESKTOP-EJ4M200 with PID 12988 (D:\ProjectWorkPlace\api-manager\target\classes started by neusoft in D:\ProjectWorkPlace\api-manager)
2019/08/05-14:05 [main] DEBUG com.sansan.tool.api.ApiApplication- Running with Spring Boot v2.1.6.RELEASE, Spring v5.1.8.RELEASE
2019/08/05-14:05 [main] INFO  com.sansan.tool.api.ApiApplication- No active profile set, falling back to default profiles: default
2019/08/05-14:05 [main] INFO  com.sansan.tool.api.ApiApplication- Started ApiApplication in 8.546 seconds (JVM running for 12.678)
2019/08/05-14:05 [http-nio-8080-exec-3] WARN  org.springframework.web.servlet.PageNotFound- No mapping for GET /swagger-ui.html
2019/08/05-14:06 [http-nio-8080-exec-4] WARN  org.springframework.web.servlet.PageNotFound- No mapping for GET /templates/swagger-ui.html
2019/08/05-14:06 [main] INFO  com.sansan.tool.api.ApiApplication- Starting ApiApplication on DESKTOP-EJ4M200 with PID 3816 (D:\ProjectWorkPlace\api-manager\target\classes started by neusoft in D:\ProjectWorkPlace\api-manager)
2019/08/05-14:06 [main] DEBUG com.sansan.tool.api.ApiApplication- Running with Spring Boot v2.1.6.RELEASE, Spring v5.1.8.RELEASE
2019/08/05-14:06 [main] INFO  com.sansan.tool.api.ApiApplication- No active profile set, falling back to default profiles: default
2019/08/05-14:06 [main] INFO  com.sansan.tool.api.ApiApplication- Started ApiApplication in 11.315 seconds (JVM running for 15.939)
